[2022-11-03T17:01:46.403Z] 日志级别: Info
[2022-11-03T17:01:46.410Z] [info] 正在验证在以下位置中找到的 git: git
[2022-11-03T17:01:46.442Z] [info] 将使用位于 git 的 Git 2.30.2
[2022-11-03T17:01:46.492Z] > git rev-parse --show-toplevel [37ms]
[2022-11-03T17:01:46.492Z] fatal: not a git repository (or any of the parent directories): .git
[2022-11-03T17:01:46.501Z] > git rev-parse --show-toplevel [1ms]
[2022-11-03T17:01:46.501Z] fatal: not a git repository (or any of the parent directories): .git
[2022-11-03T17:01:46.508Z] > git rev-parse --show-toplevel [1ms]
[2022-11-03T17:01:46.508Z] fatal: not a git repository (or any of the parent directories): .git
[2022-11-03T17:01:46.583Z] > git rev-parse --show-toplevel [1ms]
[2022-11-03T17:01:46.583Z] fatal: not a git repository (or any of the parent directories): .git
[2022-11-03T17:02:33.475Z] > git init [5ms]
[2022-11-03T17:02:33.475Z] hint: Using 'master' as the name for the initial branch. This default branch name
hint: is subject to change. To configure the initial branch name to use in all
hint: of your new repositories, which will suppress this warning, call:
hint: 
hint: 	git config --global init.defaultBranch <name>
hint: 
hint: Names commonly chosen instead of 'master' are 'main', 'trunk' and
hint: 'development'. The just-created branch can be renamed via this command:
hint: 
hint: 	git branch -m <name>
[2022-11-03T17:02:34.092Z] > git rev-parse --show-toplevel [1ms]
[2022-11-03T17:02:34.099Z] > git rev-parse --git-dir --git-common-dir [2ms]
[2022-11-03T17:02:34.108Z] [info] Open repository: /home/coder
[2022-11-03T17:02:34.121Z] > git status -z -uall [3ms]
[2022-11-03T17:02:34.128Z] > git symbolic-ref --short HEAD [1ms]
[2022-11-03T17:02:34.133Z] > git for-each-ref --format=%(refname)%00%(upstream:short)%00%(objectname)%00%(upstream:track)%00%(upstream:remotename)%00%(upstream:remoteref) refs/heads/master refs/remotes/master [0ms]
[2022-11-03T17:02:34.143Z] > git for-each-ref --sort -committerdate --format %(refname) %(objectname) %(*objectname) [5ms]
[2022-11-03T17:02:34.145Z] > git remote --verbose [3ms]
[2022-11-03T17:02:34.165Z] > git config --get commit.template [2ms]
[2022-11-03T17:02:34.174Z] > git status -z -uall [2ms]
[2022-11-03T17:02:34.180Z] > git symbolic-ref --short HEAD [1ms]
[2022-11-03T17:02:34.186Z] > git for-each-ref --format=%(refname)%00%(upstream:short)%00%(objectname)%00%(upstream:track)%00%(upstream:remotename)%00%(upstream:remoteref) refs/heads/master refs/remotes/master [1ms]
[2022-11-03T17:02:34.195Z] > git remote --verbose [0ms]
[2022-11-03T17:02:34.196Z] > git for-each-ref --sort -committerdate --format %(refname) %(objectname) %(*objectname) [6ms]
[2022-11-03T17:02:34.239Z] > git config --get commit.template [34ms]
[2022-11-03T17:02:34.840Z] > git check-ignore -v -z --stdin [3ms]
[2022-11-03T17:02:42.476Z] > git check-ignore -v -z --stdin [2ms]
[2022-11-03T17:02:44.753Z] > git status -z -uall [0ms]
[2022-11-03T17:02:44.759Z] > git symbolic-ref --short HEAD [0ms]
[2022-11-03T17:02:44.765Z] > git for-each-ref --format=%(refname)%00%(upstream:short)%00%(objectname)%00%(upstream:track)%00%(upstream:remotename)%00%(upstream:remoteref) refs/heads/master refs/remotes/master [1ms]
[2022-11-03T17:02:44.774Z] > git for-each-ref --sort -committerdate --format %(refname) %(objectname) %(*objectname) [5ms]
[2022-11-03T17:02:44.774Z] > git remote --verbose [1ms]
[2022-11-03T17:02:44.784Z] > git config --get commit.template [0ms]
[2022-11-03T17:02:49.793Z] > git status -z -uall [1ms]
[2022-11-03T17:02:49.799Z] > git symbolic-ref --short HEAD [1ms]
[2022-11-03T17:02:49.806Z] > git for-each-ref --format=%(refname)%00%(upstream:short)%00%(objectname)%00%(upstream:track)%00%(upstream:remotename)%00%(upstream:remoteref) refs/heads/master refs/remotes/master [1ms]
[2022-11-03T17:02:49.816Z] > git remote --verbose [1ms]
[2022-11-03T17:02:49.816Z] > git for-each-ref --sort -committerdate --format %(refname) %(objectname) %(*objectname) [6ms]
[2022-11-03T17:02:49.827Z] > git config --get commit.template [1ms]
[2022-11-03T17:03:01.993Z] > git status -z -uall [1ms]
[2022-11-03T17:03:02.000Z] > git symbolic-ref --short HEAD [2ms]
[2022-11-03T17:03:02.006Z] > git for-each-ref --format=%(refname)%00%(upstream:short)%00%(objectname)%00%(upstream:track)%00%(upstream:remotename)%00%(upstream:remoteref) refs/heads/master refs/remotes/master [1ms]
[2022-11-03T17:03:02.016Z] > git for-each-ref --sort -committerdate --format %(refname) %(objectname) %(*objectname) [5ms]
[2022-11-03T17:03:02.017Z] > git remote --verbose [2ms]
[2022-11-03T17:03:02.028Z] > git config --get commit.template [3ms]
[2022-11-03T17:03:11.793Z] > git status -z -uall [4ms]
[2022-11-03T17:03:11.799Z] > git symbolic-ref --short HEAD [0ms]
[2022-11-03T17:03:11.805Z] > git for-each-ref --format=%(refname)%00%(upstream:short)%00%(objectname)%00%(upstream:track)%00%(upstream:remotename)%00%(upstream:remoteref) refs/heads/master refs/remotes/master [0ms]
[2022-11-03T17:03:11.816Z] > git remote --verbose [1ms]
[2022-11-03T17:03:11.816Z] > git for-each-ref --sort -committerdate --format %(refname) %(objectname) %(*objectname) [6ms]
[2022-11-03T17:03:11.829Z] > git config --get commit.template [0ms]
[2022-11-03T17:03:16.842Z] > git status -z -uall [5ms]
[2022-11-03T17:03:16.850Z] > git symbolic-ref --short HEAD [1ms]
[2022-11-03T17:03:16.856Z] > git for-each-ref --format=%(refname)%00%(upstream:short)%00%(objectname)%00%(upstream:track)%00%(upstream:remotename)%00%(upstream:remoteref) refs/heads/master refs/remotes/master [1ms]
[2022-11-03T17:03:16.866Z] > git for-each-ref --sort -committerdate --format %(refname) %(objectname) %(*objectname) [5ms]
[2022-11-03T17:03:16.867Z] > git remote --verbose [2ms]
[2022-11-03T17:03:16.878Z] > git config --get commit.template [1ms]
[2022-11-03T17:03:21.889Z] > git status -z -uall [4ms]
[2022-11-03T17:03:21.895Z] > git symbolic-ref --short HEAD [2ms]
[2022-11-03T17:03:21.901Z] > git for-each-ref --format=%(refname)%00%(upstream:short)%00%(objectname)%00%(upstream:track)%00%(upstream:remotename)%00%(upstream:remoteref) refs/heads/master refs/remotes/master [0ms]
[2022-11-03T17:03:21.912Z] > git remote --verbose [1ms]
[2022-11-03T17:03:21.912Z] > git for-each-ref --sort -committerdate --format %(refname) %(objectname) %(*objectname) [6ms]
[2022-11-03T17:03:21.920Z] > git config --get commit.template [1ms]
[2022-11-03T17:03:26.929Z] > git status -z -uall [3ms]
[2022-11-03T17:03:26.935Z] > git symbolic-ref --short HEAD [0ms]
[2022-11-03T17:03:26.941Z] > git for-each-ref --format=%(refname)%00%(upstream:short)%00%(objectname)%00%(upstream:track)%00%(upstream:remotename)%00%(upstream:remoteref) refs/heads/master refs/remotes/master [2ms]
[2022-11-03T17:03:26.952Z] > git remote --verbose [1ms]
[2022-11-03T17:03:26.952Z] > git for-each-ref --sort -committerdate --format %(refname) %(objectname) %(*objectname) [6ms]
[2022-11-03T17:03:26.964Z] > git config --get commit.template [0ms]
[2022-11-03T17:03:31.973Z] > git status -z -uall [3ms]
[2022-11-03T17:03:31.979Z] > git symbolic-ref --short HEAD [1ms]
[2022-11-03T17:03:31.985Z] > git for-each-ref --format=%(refname)%00%(upstream:short)%00%(objectname)%00%(upstream:track)%00%(upstream:remotename)%00%(upstream:remoteref) refs/heads/master refs/remotes/master [0ms]
[2022-11-03T17:03:31.996Z] > git remote --verbose [1ms]
[2022-11-03T17:03:31.996Z] > git for-each-ref --sort -committerdate --format %(refname) %(objectname) %(*objectname) [5ms]
[2022-11-03T17:03:32.007Z] > git config --get commit.template [1ms]
[2022-11-03T17:03:37.017Z] > git status -z -uall [1ms]
[2022-11-03T17:03:37.023Z] > git symbolic-ref --short HEAD [1ms]
[2022-11-03T17:03:37.029Z] > git for-each-ref --format=%(refname)%00%(upstream:short)%00%(objectname)%00%(upstream:track)%00%(upstream:remotename)%00%(upstream:remoteref) refs/heads/master refs/remotes/master [1ms]
[2022-11-03T17:03:37.040Z] > git remote --verbose [1ms]
[2022-11-03T17:03:37.040Z] > git for-each-ref --sort -committerdate --format %(refname) %(objectname) %(*objectname) [6ms]
[2022-11-03T17:03:37.051Z] > git config --get commit.template [2ms]
